<?xml version="1.0" encoding="UTF-8"?>
<!-- Generated by org.testng.reporters.JUnitReportReporter -->
<testsuite hostname="DESKTOP-PFUQSED" name="test.facebook.login.FacebookEmailPass" tests="2" failures="0" timestamp="12 May 2019 18:57:22 GMT" time="20.093" errors="0">
  <testcase name="testFacebookEmailPass" time="10.209" classname="test.facebook.login.FacebookEmailPass"/>
  <testcase name="testFacebookEmailPass" time="9.884" classname="test.facebook.login.FacebookEmailPass"/>
</testsuite> <!-- test.facebook.login.FacebookEmailPass -->
